<?xml version="1.0" encoding="UTF-8"?>
<!-- Generated by org.testng.reporters.JUnitReportReporter -->
<testsuite hostname="QT-INNO-LT0484" failures="0" tests="2" name="com.TestRunner.CucumberTestRunner" time="80.466" errors="0" timestamp="28 May 2021 19:17:58 GMT" skipped="0">
  <testcase classname="com.TestRunner.CucumberTestRunner" name="runScenario" time="59.696"/>
  <testcase classname="com.TestRunner.CucumberTestRunner" name="runScenario" time="20.770"/>
</testsuite> <!-- com.TestRunner.CucumberTestRunner -->
