<?xml version="1.0" encoding="UTF-8"?>
<!-- Generated by org.testng.reporters.JUnitReportReporter -->
<testsuite hostname="QT-INNO-LT0484" failures="0" tests="2" name="com.TestRunner.CucumberTestRunner" time="87.157" errors="0" timestamp="28 May 2021 19:02:08 GMT" skipped="0">
  <testcase classname="com.TestRunner.CucumberTestRunner" name="runScenario" time="60.165"/>
  <testcase classname="com.TestRunner.CucumberTestRunner" name="runScenario" time="26.992"/>
</testsuite> <!-- com.TestRunner.CucumberTestRunner -->
